<?xml version="1.0" encoding="UTF-8"?>
<!-- Generated by org.testng.reporters.JUnitXMLReporter -->
<testsuite ignored="0" hostname="Arun" failures="1" tests="1" name="Default test" time="10.968" errors="0" timestamp="2026-03-21T16:51:08 IST">
  <testcase classname="io.cucumber.testng.AbstractTestNGCucumberTests" name="runScenario" time="10.252">
    <failure type="java.lang.AssertionError" message="Given category not found in the searchbox expected [test] but found [Given category not found in the searchbox]">
      <![CDATA[java.lang.AssertionError: Given category not found in the searchbox expected [test] but found [Given category not found in the searchbox]
at org.testng.Assert.fail(Assert.java:111)
at org.testng.Assert.failNotEquals(Assert.java:1590)
at org.testng.Assert.assertEqualsImpl(Assert.java:150)
at org.testng.Assert.assertEquals(Assert.java:132)
at org.testng.Assert.assertEquals(Assert.java:656)
at stepDefinitions.HeaderSectionStepDef.user_search_for_the_product_category(HeaderSectionStepDef.java:44)
at ✽.User search for the product category "test"(file:///C:/Users/iamar/eclipse-workspace/AutomationTestStore/src/test/java/features/OrderHistory.feature:13)
]]>
    </failure>
  </testcase> <!-- runScenario -->
</testsuite> <!-- Default test -->
