<?xml version="1.0" encoding="UTF-8"?>
<!-- Generated by org.testng.reporters.JUnitXMLReporter -->
<testsuite ignored="0" hostname="Arun" failures="1" tests="3" name="CucumberTests" time="25.017" errors="0" timestamp="2026-03-26T03:07:43 IST">
  <testcase classname="io.cucumber.testng.AbstractTestNGCucumberTests" name="runScenario" time="13.633"/>
  <testcase classname="io.cucumber.testng.AbstractTestNGCucumberTests" name="runScenario" time="13.743"/>
  <testcase classname="io.cucumber.testng.AbstractTestNGCucumberTests" name="runScenario" time="10.178">
    <failure type="java.lang.AssertionError" message="Given category not found in the searchbox expected [test] but found [Given category not found in the searchbox]">
      <![CDATA[java.lang.AssertionError: Given category not found in the searchbox expected [test] but found [Given category not found in the searchbox]
at stepDefinitions.HeaderSectionStepDef.user_search_for_the_product_category(HeaderSectionStepDef.java:44)
at ✽.User search for the product category "test"(file:///C:/Users/iamar/eclipse-workspace/AutomationTestStore/src/test/java/features/OrderHistory.feature:13)
... Removed 5 stack frames]]>
    </failure>
  </testcase> <!-- runScenario -->
</testsuite> <!-- CucumberTests -->
