<?xml version="1.0" encoding="UTF-8"?>
<testng-results ignored="0" total="5" passed="5" failed="0" skipped="0">
  <reporter-output>
  </reporter-output>
  <suite started-at="2026-04-26T02:04:32 IST" name="Suite" finished-at="2026-04-26T02:05:19 IST" duration-ms="46640">
    <groups>
      <group name="cucumber">
        <method signature="AbstractTestNGCucumberTests.runScenario(io.cucumber.testng.PickleWrapper,io.cucumber.testng.FeatureWrapper)[pri:0, instance:cucumberOptions.TestNGTestRunner@58cbafc2]" name="runScenario" class="io.cucumber.testng.AbstractTestNGCucumberTests"/>
      </group> <!-- cucumber -->
    </groups>
    <test started-at="2026-04-26T02:04:32 IST" name="CucumberTests" finished-at="2026-04-26T02:05:19 IST" duration-ms="46640">
      <class name="cucumberOptions.TestNGTestRunner">
        <test-method is-config="true" signature="setUpClass(org.testng.ITestContext)[pri:0, instance:cucumberOptions.TestNGTestRunner@58cbafc2]" started-at="2026-04-26T02:04:32 IST" name="setUpClass" finished-at="2026-04-26T02:04:33 IST" duration-ms="787" status="PASS">
          <params>
            <param index="0">
              <value>
                <![CDATA[org.testng.TestRunner@147e2ae7]]>
              </value>
            </param>
          </params>
          <reporter-output>
          </reporter-output>
        </test-method> <!-- setUpClass -->
        <test-method signature="runScenario(io.cucumber.testng.PickleWrapper,io.cucumber.testng.FeatureWrapper)[pri:0, instance:cucumberOptions.TestNGTestRunner@58cbafc2]" started-at="2026-04-26T02:04:33 IST" name="runScenario" description="Runs Cucumber Scenarios" data-provider="scenarios" finished-at="2026-04-26T02:04:49 IST" duration-ms="16321" status="PASS">
          <params>
            <param index="0">
              <value>
                <![CDATA["User login to the site using valid credentails"]]>
              </value>
            </param>
            <param index="1">
              <value>
                <![CDATA["User login to the site"]]>
              </value>
            </param>
          </params>
          <reporter-output>
          </reporter-output>
        </test-method> <!-- runScenario -->
        <test-method signature="runScenario(io.cucumber.testng.PickleWrapper,io.cucumber.testng.FeatureWrapper)[pri:0, instance:cucumberOptions.TestNGTestRunner@58cbafc2]" started-at="2026-04-26T02:04:33 IST" name="runScenario" description="Runs Cucumber Scenarios" data-provider="scenarios" finished-at="2026-04-26T02:04:49 IST" duration-ms="16611" status="PASS">
          <params>
            <param index="0">
              <value>
                <![CDATA["User login to the site with multipe times"]]>
              </value>
            </param>
            <param index="1">
              <value>
                <![CDATA["User login to the site"]]>
              </value>
            </param>
          </params>
          <reporter-output>
          </reporter-output>
        </test-method> <!-- runScenario -->
        <test-method signature="runScenario(io.cucumber.testng.PickleWrapper,io.cucumber.testng.FeatureWrapper)[pri:0, instance:cucumberOptions.TestNGTestRunner@58cbafc2]" started-at="2026-04-26T02:04:49 IST" name="runScenario" description="Runs Cucumber Scenarios" data-provider="scenarios" finished-at="2026-04-26T02:04:59 IST" duration-ms="9747" status="PASS">
          <params>
            <param index="0">
              <value>
                <![CDATA["User login to the site with multipe times"]]>
              </value>
            </param>
            <param index="1">
              <value>
                <![CDATA["User login to the site"]]>
              </value>
            </param>
          </params>
          <reporter-output>
          </reporter-output>
        </test-method> <!-- runScenario -->
        <test-method signature="runScenario(io.cucumber.testng.PickleWrapper,io.cucumber.testng.FeatureWrapper)[pri:0, instance:cucumberOptions.TestNGTestRunner@58cbafc2]" started-at="2026-04-26T02:04:49 IST" name="runScenario" description="Runs Cucumber Scenarios" data-provider="scenarios" finished-at="2026-04-26T02:05:02 IST" duration-ms="12461" status="PASS">
          <params>
            <param index="0">
              <value>
                <![CDATA["User navigate to the order history page and validates the page heading"]]>
              </value>
            </param>
            <param index="1">
              <value>
                <![CDATA["User navigates to the order hsitory"]]>
              </value>
            </param>
          </params>
          <reporter-output>
          </reporter-output>
        </test-method> <!-- runScenario -->
        <test-method signature="runScenario(io.cucumber.testng.PickleWrapper,io.cucumber.testng.FeatureWrapper)[pri:0, instance:cucumberOptions.TestNGTestRunner@58cbafc2]" started-at="2026-04-26T02:04:59 IST" name="runScenario" description="Runs Cucumber Scenarios" data-provider="scenarios" finished-at="2026-04-26T02:05:18 IST" duration-ms="19258" status="PASS">
          <params>
            <param index="0">
              <value>
                <![CDATA["User search the product"]]>
              </value>
            </param>
            <param index="1">
              <value>
                <![CDATA["User navigates to the order hsitory"]]>
              </value>
            </param>
          </params>
          <reporter-output>
          </reporter-output>
        </test-method> <!-- runScenario -->
        <test-method is-config="true" signature="tearDownClass()[pri:0, instance:cucumberOptions.TestNGTestRunner@58cbafc2]" started-at="2026-04-26T02:05:18 IST" name="tearDownClass" finished-at="2026-04-26T02:05:19 IST" duration-ms="424" status="PASS">
          <reporter-output>
          </reporter-output>
        </test-method> <!-- tearDownClass -->
      </class> <!-- cucumberOptions.TestNGTestRunner -->
    </test> <!-- CucumberTests -->
  </suite> <!-- Suite -->
</testng-results>
