<?xml version="1.0" encoding="UTF-8"?>
<testsuite xmlns:xsi="http://www.w3.org/2001/XMLSchema-instance" xsi:noNamespaceSchemaLocation="https://maven.apache.org/surefire/maven-surefire-plugin/xsd/surefire-test-report-3.0.xsd" version="3.0" name="TestSuite" time="47.322" tests="5" errors="0" skipped="0" failures="0">
  <properties>
[...]
</properties>
  <testcase name="runScenario[&quot;User login to the site using valid credentails&quot;, &quot;User login to the site&quot;](1)" classname="cucumberOptions.TestNGTestRunner" time="16.329">
    <system-out><![CDATA[
@Smoke
&amp#27;[1mScenario:&amp#27;[22m User login to the site using valid credentails       &amp#27;[90m# src/test/java/features/Login.feature:4&amp#27;[39m

@outline
&amp#27;[1mScenario Outline:&amp#27;[22m User login to the site with multipe times                       &amp#27;[90m# src/test/java/features/Login.feature:16&amp#27;[39m
  &amp#27;[32mâœ”&amp#27;[39m &amp#27;[32m&amp#27;[1mGiven &amp#27;[22mUser is on login page&amp#27;[39m                                &amp#27;[90m# stepDefinitions.HeaderSectionStepDef.user_is_on_login_page()&amp#27;[39m
  &amp#27;[32mâœ”&amp#27;[39m &amp#27;[32m&amp#27;[1mGiven &amp#27;[22mUser is on login page&amp#27;[39m                                                   &amp#27;[90m# stepDefinitions.HeaderSectionStepDef.user_is_on_login_page()&amp#27;[39m
  &amp#27;[32mâœ”&amp#27;[39m &amp#27;[32m&amp#27;[1mWhen &amp#27;[22mUser enters username &amp#27;[1m"aruntest24"&amp#27;[22m and password &amp#27;[1m"Test@1234"&amp#27;[22m and logged in&amp#27;[39m &amp#27;[90m# stepDefinitions.LoginStepDef.user_enters_username_and_password_and_logged_in(java.lang.String,java.lang.String)&amp#27;[39m
  &amp#27;[32mâœ”&amp#27;[39m &amp#27;[32m&amp#27;[1mWhen &amp#27;[22mUser enters valid username and password and logged in&amp#27;[39m &amp#27;[90m# stepDefinitions.LoginStepDef.user_enters_valid_username_and_password_and_logged_in()&amp#27;[39m
  &amp#27;[32mâœ”&amp#27;[39m &amp#27;[32m&amp#27;[1mThen &amp#27;[22mUser should redirect to the homepage as logged in&amp#27;[39m     &amp#27;[90m# stepDefinitions.HeaderSectionStepDef.user_should_redirect_to_the_homepage_as_logged_in()&amp#27;[39m
  &amp#27;[32mâœ”&amp#27;[39m &amp#27;[32m&amp#27;[1mThen &amp#27;[22mUser should redirect to the homepage as logged in&amp#27;[39m                        &amp#27;[90m# stepDefinitions.HeaderSectionStepDef.user_should_redirect_to_the_homepage_as_logged_in()&amp#27;[39m
]]></system-out>
    <system-err><![CDATA[SLF4J(W): No SLF4J providers were found.
SLF4J(W): Defaulting to no-operation (NOP) logger implementation
SLF4J(W): See https://www.slf4j.org/codes.html#noProviders for further details.
Apr 26, 2026 2:04:38 AM org.openqa.selenium.devtools.CdpVersionFinder findNearestMatch
WARNING: Unable to find an exact match for CDP version 147, returning the closest version; found: 145; Please update to a Selenium version that supports CDP version 147
Apr 26, 2026 2:04:38 AM org.openqa.selenium.devtools.CdpVersionFinder findNearestMatch
WARNING: Unable to find an exact match for CDP version 147, returning the closest version; found: 145; Please update to a Selenium version that supports CDP version 147
]]></system-err>
  </testcase>
  <testcase name="runScenario[&quot;User login to the site with multipe times&quot;, &quot;User login to the site&quot;](2)" classname="cucumberOptions.TestNGTestRunner" time="0.278">
    <system-out><![CDATA[
@outline
&amp#27;[1mScenario Outline:&amp#27;[22m User login to the site with multipe times                        &amp#27;[90m# src/test/java/features/Login.feature:17&amp#27;[39m
]]></system-out>
  </testcase>
  <testcase name="runScenario[&quot;User login to the site with multipe times&quot;, &quot;User login to the site&quot;](3)" classname="cucumberOptions.TestNGTestRunner" time="9.498">
    <system-out><![CDATA[
&amp#27;[1mScenario:&amp#27;[22m User navigate to the order history page and validates the page heading &amp#27;[90m# src/test/java/features/OrderHistory.feature:3&amp#27;[39m
  &amp#27;[32mâœ”&amp#27;[39m &amp#27;[32m&amp#27;[1mGiven &amp#27;[22mUser is on login page&amp#27;[39m                                                    &amp#27;[90m# stepDefinitions.HeaderSectionStepDef.user_is_on_login_page()&amp#27;[39m
  &amp#27;[32mâœ”&amp#27;[39m &amp#27;[32m&amp#27;[1mGiven &amp#27;[22mUser is on login page&amp#27;[39m                                                  &amp#27;[90m# stepDefinitions.HeaderSectionStepDef.user_is_on_login_page()&amp#27;[39m
  &amp#27;[32mâœ”&amp#27;[39m &amp#27;[32m&amp#27;[1mWhen &amp#27;[22mUser enters valid username and password and logged in&amp#27;[39m                   &amp#27;[90m# stepDefinitions.LoginStepDef.user_enters_valid_username_and_password_and_logged_in()&amp#27;[39m
  &amp#27;[32mâœ”&amp#27;[39m &amp#27;[32m&amp#27;[1mWhen &amp#27;[22mUser enters username &amp#27;[1m"aruntest24a"&amp#27;[22m and password &amp#27;[1m"Test@1234"&amp#27;[22m and logged in&amp#27;[39m &amp#27;[90m# stepDefinitions.LoginStepDef.user_enters_username_and_password_and_logged_in(java.lang.String,java.lang.String)&amp#27;[39m
  &amp#27;[32mâœ”&amp#27;[39m &amp#27;[32m&amp#27;[1mThen &amp#27;[22mUser should redirect to the homepage as logged in&amp#27;[39m                         &amp#27;[90m# stepDefinitions.HeaderSectionStepDef.user_should_redirect_to_the_homepage_as_logged_in()&amp#27;[39m
]]></system-out>
    <system-err><![CDATA[Apr 26, 2026 2:04:50 AM org.openqa.selenium.devtools.CdpVersionFinder findNearestMatch
WARNING: Unable to find an exact match for CDP version 147, returning the closest version; found: 145; Please update to a Selenium version that supports CDP version 147
Apr 26, 2026 2:04:51 AM org.openqa.selenium.devtools.CdpVersionFinder findNearestMatch
WARNING: Unable to find an exact match for CDP version 147, returning the closest version; found: 145; Please update to a Selenium version that supports CDP version 147
]]></system-err>
  </testcase>
  <testcase name="runScenario[&quot;User navigate to the order history page and validates the page heading&quot;, &quot;User navigates to the order hsitory&quot;](4)" classname="cucumberOptions.TestNGTestRunner" time="2.962">
    <system-out><![CDATA[
&amp#27;[1mScenario:&amp#27;[22m User search the product                              &amp#27;[90m# src/test/java/features/OrderHistory.feature:10&amp#27;[39m
  &amp#27;[32mâœ”&amp#27;[39m &amp#27;[32m&amp#27;[1mAnd &amp#27;[22mUser clicks the check your order link in the header&amp#27;[39m                      &amp#27;[90m# stepDefinitions.HeaderSectionStepDef.user_clicks_the_check_your_order_link_in_the_header()&amp#27;[39m
MY ORDER HISTORY
  &amp#27;[32mâœ”&amp#27;[39m &amp#27;[32m&amp#27;[1mThen &amp#27;[22mUser validates the page heading&amp#27;[39m                                         &amp#27;[90m# stepDefinitions.OrderHistoryStepdef.user_validates_the_page_heading()&amp#27;[39m
]]></system-out>
    <system-err><![CDATA[Apr 26, 2026 2:05:00 AM org.openqa.selenium.devtools.CdpVersionFinder findNearestMatch
WARNING: Unable to find an exact match for CDP version 147, returning the closest version; found: 145; Please update to a Selenium version that supports CDP version 147
]]></system-err>
  </testcase>
  <testcase name="runScenario[&quot;User search the product&quot;, &quot;User navigates to the order hsitory&quot;](5)" classname="cucumberOptions.TestNGTestRunner" time="19.256">
    <system-out><![CDATA[  &amp#27;[32mâœ”&amp#27;[39m &amp#27;[32m&amp#27;[1mGiven &amp#27;[22mUser is on login page&amp#27;[39m                                &amp#27;[90m# stepDefinitions.HeaderSectionStepDef.user_is_on_login_page()&amp#27;[39m
  &amp#27;[32mâœ”&amp#27;[39m &amp#27;[32m&amp#27;[1mWhen &amp#27;[22mUser enters valid username and password and logged in&amp#27;[39m &amp#27;[90m# stepDefinitions.LoginStepDef.user_enters_valid_username_and_password_and_logged_in()&amp#27;[39m
  &amp#27;[32mâœ”&amp#27;[39m &amp#27;[32m&amp#27;[1mAnd &amp#27;[22mUser clicks the check your order link in the header&amp#27;[39m    &amp#27;[90m# stepDefinitions.HeaderSectionStepDef.user_clicks_the_check_your_order_link_in_the_header()&amp#27;[39m
  &amp#27;[32mâœ”&amp#27;[39m &amp#27;[32m&amp#27;[1mThen &amp#27;[22mUser search for the product category &amp#27;[1m"Men"&amp#27;[22m&amp#27;[39m            &amp#27;[90m# stepDefinitions.HeaderSectionStepDef.user_search_for_the_product_category(java.lang.String)&amp#27;[39m
]]></system-out>
  </testcase>
</testsuite>