<?xml version="1.0" encoding="UTF-8"?>
<testsuite xmlns:xsi="http://www.w3.org/2001/XMLSchema-instance" xsi:noNamespaceSchemaLocation="https://maven.apache.org/surefire/maven-surefire-plugin/xsd/surefire-test-report-3.0.xsd" version="3.0" name="TestSuite" time="28.95" tests="5" errors="0" skipped="0" failures="1">
  <properties>
[...]
</properties>
  <testcase name="runScenario[&quot;User login to the site using valid credentails&quot;, &quot;User login to the site&quot;](1)" classname="cucumberOptions.TestNGTestRunner" time="9.474">
    <system-out><![CDATA[
@Smoke
&amp#27;[1mScenario:&amp#27;[22m User login to the site using valid credentails       &amp#27;[90m# src/test/java/features/Login.feature:4&amp#27;[39m

@outline
&amp#27;[1mScenario Outline:&amp#27;[22m User login to the site with multipe times                       &amp#27;[90m# src/test/java/features/Login.feature:16&amp#27;[39m
  &amp#27;[32mâœ”&amp#27;[39m &amp#27;[32m&amp#27;[1mGiven &amp#27;[22mUser is on login page&amp#27;[39m                                &amp#27;[90m# stepDefinitions.HeaderSectionStepDef.user_is_on_login_page()&amp#27;[39m
  &amp#27;[32mâœ”&amp#27;[39m &amp#27;[32m&amp#27;[1mWhen &amp#27;[22mUser enters valid username and password and logged in&amp#27;[39m &amp#27;[90m# stepDefinitions.LoginStepDef.user_enters_valid_username_and_password_and_logged_in()&amp#27;[39m
  &amp#27;[32mâœ”&amp#27;[39m &amp#27;[32m&amp#27;[1mGiven &amp#27;[22mUser is on login page&amp#27;[39m                                                   &amp#27;[90m# stepDefinitions.HeaderSectionStepDef.user_is_on_login_page()&amp#27;[39m
  &amp#27;[32mâœ”&amp#27;[39m &amp#27;[32m&amp#27;[1mThen &amp#27;[22mUser should redirect to the homepage as logged in&amp#27;[39m     &amp#27;[90m# stepDefinitions.HeaderSectionStepDef.user_should_redirect_to_the_homepage_as_logged_in()&amp#27;[39m
]]></system-out>
    <system-err><![CDATA[SLF4J(W): No SLF4J providers were found.
SLF4J(W): Defaulting to no-operation (NOP) logger implementation
SLF4J(W): See https://www.slf4j.org/codes.html#noProviders for further details.
Apr 22, 2026 1:56:08 AM org.openqa.selenium.devtools.CdpVersionFinder findNearestMatch
WARNING: Unable to find an exact match for CDP version 147, returning the closest version; found: 145; Please update to a Selenium version that supports CDP version 147
Apr 22, 2026 1:56:08 AM org.openqa.selenium.devtools.CdpVersionFinder findNearestMatch
WARNING: Unable to find an exact match for CDP version 147, returning the closest version; found: 145; Please update to a Selenium version that supports CDP version 147
]]></system-err>
  </testcase>
  <testcase name="runScenario[&quot;User login to the site with multipe times&quot;, &quot;User login to the site&quot;](2)" classname="cucumberOptions.TestNGTestRunner" time="0.998">
    <system-out><![CDATA[
@outline
&amp#27;[1mScenario Outline:&amp#27;[22m User login to the site with multipe times                        &amp#27;[90m# src/test/java/features/Login.feature:17&amp#27;[39m
  &amp#27;[32mâœ”&amp#27;[39m &amp#27;[32m&amp#27;[1mWhen &amp#27;[22mUser enters username &amp#27;[1m"aruntest24"&amp#27;[22m and password &amp#27;[1m"Test@1234"&amp#27;[22m and logged in&amp#27;[39m &amp#27;[90m# stepDefinitions.LoginStepDef.user_enters_username_and_password_and_logged_in(java.lang.String,java.lang.String)&amp#27;[39m
  &amp#27;[32mâœ”&amp#27;[39m &amp#27;[32m&amp#27;[1mThen &amp#27;[22mUser should redirect to the homepage as logged in&amp#27;[39m                        &amp#27;[90m# stepDefinitions.HeaderSectionStepDef.user_should_redirect_to_the_homepage_as_logged_in()&amp#27;[39m
]]></system-out>
    <system-err><![CDATA[Apr 22, 2026 1:56:16 AM org.openqa.selenium.devtools.CdpVersionFinder findNearestMatch
WARNING: Unable to find an exact match for CDP version 147, returning the closest version; found: 145; Please update to a Selenium version that supports CDP version 147
]]></system-err>
  </testcase>
  <testcase name="runScenario[&quot;User login to the site with multipe times&quot;, &quot;User login to the site&quot;](3)" classname="cucumberOptions.TestNGTestRunner" time="6.697">
    <system-out><![CDATA[
&amp#27;[1mScenario:&amp#27;[22m User navigate to the order history page and validates the page heading &amp#27;[90m# src/test/java/features/OrderHistory.feature:3&amp#27;[39m
  &amp#27;[32mâœ”&amp#27;[39m &amp#27;[32m&amp#27;[1mGiven &amp#27;[22mUser is on login page&amp#27;[39m                                                    &amp#27;[90m# stepDefinitions.HeaderSectionStepDef.user_is_on_login_page()&amp#27;[39m
  &amp#27;[32mâœ”&amp#27;[39m &amp#27;[32m&amp#27;[1mWhen &amp#27;[22mUser enters username &amp#27;[1m"aruntest24a"&amp#27;[22m and password &amp#27;[1m"Test@1234"&amp#27;[22m and logged in&amp#27;[39m &amp#27;[90m# stepDefinitions.LoginStepDef.user_enters_username_and_password_and_logged_in(java.lang.String,java.lang.String)&amp#27;[39m
  &amp#27;[32mâœ”&amp#27;[39m &amp#27;[32m&amp#27;[1mGiven &amp#27;[22mUser is on login page&amp#27;[39m                                                  &amp#27;[90m# stepDefinitions.HeaderSectionStepDef.user_is_on_login_page()&amp#27;[39m
  &amp#27;[32mâœ”&amp#27;[39m &amp#27;[32m&amp#27;[1mThen &amp#27;[22mUser should redirect to the homepage as logged in&amp#27;[39m                         &amp#27;[90m# stepDefinitions.HeaderSectionStepDef.user_should_redirect_to_the_homepage_as_logged_in()&amp#27;[39m
  &amp#27;[32mâœ”&amp#27;[39m &amp#27;[32m&amp#27;[1mWhen &amp#27;[22mUser enters valid username and password and logged in&amp#27;[39m                   &amp#27;[90m# stepDefinitions.LoginStepDef.user_enters_valid_username_and_password_and_logged_in()&amp#27;[39m
]]></system-out>
    <system-err><![CDATA[Apr 22, 2026 1:56:17 AM org.openqa.selenium.devtools.CdpVersionFinder findNearestMatch
WARNING: Unable to find an exact match for CDP version 147, returning the closest version; found: 145; Please update to a Selenium version that supports CDP version 147
]]></system-err>
  </testcase>
  <testcase name="runScenario[&quot;User navigate to the order history page and validates the page heading&quot;, &quot;User navigates to the order hsitory&quot;](4)" classname="cucumberOptions.TestNGTestRunner" time="2.053">
    <failure message="stale element reference: stale element not found&#10;  (Session info: chrome=147.0.7727.102)&#10;For documentation on this error, please visit: https://www.selenium.dev/documentation/webdriver/troubleshooting/errors#staleelementreferenceexception&#10;Build info: version: &apos;4.41.0&apos;, revision: &apos;9fc754f&apos;&#10;System info: os.name: &apos;Windows 11&apos;, os.arch: &apos;amd64&apos;, os.version: &apos;10.0&apos;, java.version: &apos;17.0.4.1&apos;&#10;Driver info: org.openqa.selenium.chrome.ChromeDriver&#10;Command: [4877dece562f48ec19929d17b60d8dd4, actions {actions=[org.openqa.selenium.interactions.Sequence@6e385fba]}]&#10;Capabilities {acceptInsecureCerts: false, browserName: chrome, browserVersion: 147.0.7727.102, chrome: {chromedriverVersion: 147.0.7727.57 (b4f28b5637d0..., userDataDir: C:\Users\iamar\AppData\Loca...}, fedcm:accounts: true, goog:chromeOptions: {debuggerAddress: localhost:60229}, goog:processID: 40772, networkConnectionEnabled: false, pageLoadStrategy: normal, platformName: windows, proxy: Proxy(), se:cdp: ws://localhost:60229/devtoo..., se:cdpVersion: 147.0.7727.102, setWindowRect: true, strictFileInteractability: false, timeouts: {implicit: 0, pageLoad: 300000, script: 30000}, unhandledPromptBehavior: dismiss and notify, webauthn:extension:credBlob: true, webauthn:extension:largeBlob: true, webauthn:extension:minPinLength: true, webauthn:extension:prf: true, webauthn:virtualAuthenticators: true}&#10;Session ID: 4877dece562f48ec19929d17b60d8dd4" type="org.openqa.selenium.StaleElementReferenceException"><![CDATA[org.openqa.selenium.StaleElementReferenceException: 
stale element reference: stale element not found
  (Session info: chrome=147.0.7727.102)
For documentation on this error, please visit: https://www.selenium.dev/documentation/webdriver/troubleshooting/errors#staleelementreferenceexception
Build info: version: '4.41.0', revision: '9fc754f'
System info: os.name: 'Windows 11', os.arch: 'amd64', os.version: '10.0', java.version: '17.0.4.1'
Driver info: org.openqa.selenium.chrome.ChromeDriver
Command: [4877dece562f48ec19929d17b60d8dd4, actions {actions=[org.openqa.selenium.interactions.Sequence@6e385fba]}]
Capabilities {acceptInsecureCerts: false, browserName: chrome, browserVersion: 147.0.7727.102, chrome: {chromedriverVersion: 147.0.7727.57 (b4f28b5637d0..., userDataDir: C:\Users\iamar\AppData\Loca...}, fedcm:accounts: true, goog:chromeOptions: {debuggerAddress: localhost:60229}, goog:processID: 40772, networkConnectionEnabled: false, pageLoadStrategy: normal, platformName: windows, proxy: Proxy(), se:cdp: ws://localhost:60229/devtoo..., se:cdpVersion: 147.0.7727.102, setWindowRect: true, strictFileInteractability: false, timeouts: {implicit: 0, pageLoad: 300000, script: 30000}, unhandledPromptBehavior: dismiss and notify, webauthn:extension:credBlob: true, webauthn:extension:largeBlob: true, webauthn:extension:minPinLength: true, webauthn:extension:prf: true, webauthn:virtualAuthenticators: true}
Session ID: 4877dece562f48ec19929d17b60d8dd4
]]></failure>
    <system-out><![CDATA[
&amp#27;[1mScenario:&amp#27;[22m User search the product                              &amp#27;[90m# src/test/java/features/OrderHistory.feature:10&amp#27;[39m
  &amp#27;[31mâœ˜&amp#27;[39m &amp#27;[31m&amp#27;[1mAnd &amp#27;[22mUser clicks the check your order link in the header&amp#27;[39m                      &amp#27;[90m# stepDefinitions.HeaderSectionStepDef.user_clicks_the_check_your_order_link_in_the_header()&amp#27;[39m
        &amp#27;[31morg.openqa.selenium.StaleElementReferenceException: stale element reference: stale element not found&amp#27;[39m
        &amp#27;[31m  (Session info: chrome=147.0.7727.102)&amp#27;[39m
        &amp#27;[31mFor documentation on this error, please visit: https://www.selenium.dev/documentation/webdriver/troubleshooting/errors#staleelementreferenceexception&amp#27;[39m
        &amp#27;[31mBuild info: version: '4.41.0', revision: '9fc754f'&amp#27;[39m
        &amp#27;[31mSystem info: os.name: 'Windows 11', os.arch: 'amd64', os.version: '10.0', java.version: '17.0.4.1'&amp#27;[39m
        &amp#27;[31mDriver info: org.openqa.selenium.chrome.ChromeDriver&amp#27;[39m
        &amp#27;[31mCommand: [4877dece562f48ec19929d17b60d8dd4, actions {actions=[org.openqa.selenium.interactions.Sequence@6e385fba]}]&amp#27;[39m
        &amp#27;[31mCapabilities {acceptInsecureCerts: false, browserName: chrome, browserVersion: 147.0.7727.102, chrome: {chromedriverVersion: 147.0.7727.57 (b4f28b5637d0..., userDataDir: C:\Users\iamar\AppData\Loca...}, fedcm:accounts: true, goog:chromeOptions: {debuggerAddress: localhost:60229}, goog:processID: 40772, networkConnectionEnabled: false, pageLoadStrategy: normal, platformName: windows, proxy: Proxy(), se:cdp: ws://localhost:60229/devtoo..., se:cdpVersion: 147.0.7727.102, setWindowRect: true, strictFileInteractability: false, timeouts: {implicit: 0, pageLoad: 300000, script: 30000}, unhandledPromptBehavior: dismiss and notify, webauthn:extension:credBlob: true, webauthn:extension:largeBlob: true, webauthn:extension:minPinLength: true, webauthn:extension:prf: true, webauthn:virtualAuthenticators: true}&amp#27;[39m
        &amp#27;[31mSession ID: 4877dece562f48ec19929d17b60d8dd4&amp#27;[39m
        &amp#27;[31m	at org.openqa.selenium.remote.ErrorCodec.decode(ErrorCodec.java:169)&amp#27;[39m
        &amp#27;[31m	at org.openqa.selenium.remote.codec.w3c.W3CHttpResponseCodec.decode(W3CHttpResponseCodec.java:142)&amp#27;[39m
        &amp#27;[31m	at org.openqa.selenium.remote.codec.w3c.W3CHttpResponseCodec.decode(W3CHttpResponseCodec.java:49)&amp#27;[39m
        &amp#27;[31m	at org.openqa.selenium.remote.HttpCommandExecutor.execute(HttpCommandExecutor.java:223)&amp#27;[39m
        &amp#27;[31m	at org.openqa.selenium.remote.service.DriverCommandExecutor.invokeExecute(DriverCommandExecutor.java:216)&amp#27;[39m
        &amp#27;[31m	at org.openqa.selenium.remote.service.DriverCommandExecutor.execute(DriverCommandExecutor.java:174)&amp#27;[39m
        &amp#27;[31m	at org.openqa.selenium.remote.RemoteWebDriver.execute(RemoteWebDriver.java:604)&amp#27;[39m
        &amp#27;[31m	at org.openqa.selenium.remote.RemoteWebDriver.perform(RemoteWebDriver.java:699)&amp#27;[39m
        &amp#27;[31m	at org.openqa.selenium.interactions.Actions$BuiltAction.perform(Actions.java:616)&amp#27;[39m
        &amp#27;[31m	at utils.GenericUtils.hoverOverElement(GenericUtils.java:43)&amp#27;[39m
        &amp#27;[31m	at pageObjects.HeaderSection.clickOrderHistoryLink(HeaderSection.java:41)&amp#27;[39m
        &amp#27;[31m	at stepDefinitions.HeaderSectionStepDef.user_clicks_the_check_your_order_link_in_the_header(HeaderSectionStepDef.java:38)&amp#27;[39m
        &amp#27;[31m	at âœ½.User clicks the check your order link in the header(file:///C:/Users/iamar/eclipse-workspace/AutomationTestStore/src/test/java/features/OrderHistory.feature:6)&amp#27;[39m

        &amp#27;[34mEmbedding User navigate to the order history page and validates the page heading 22-04-2026_01:56:23.png [image/png 96435 bytes]&amp#27;[39m

  &amp#27;[36mâ†·&amp#27;[39m &amp#27;[36m&amp#27;[1mThen &amp#27;[22mUser validates the page heading&amp#27;[39m                                         &amp#27;[90m# stepDefinitions.OrderHistoryStepdef.user_validates_the_page_heading()&amp#27;[39m
]]></system-out>
    <system-err><![CDATA[Apr 22, 2026 1:56:24 AM org.openqa.selenium.devtools.CdpVersionFinder findNearestMatch
WARNING: Unable to find an exact match for CDP version 147, returning the closest version; found: 145; Please update to a Selenium version that supports CDP version 147
]]></system-err>
  </testcase>
  <testcase name="runScenario[&quot;User search the product&quot;, &quot;User navigates to the order hsitory&quot;](5)" classname="cucumberOptions.TestNGTestRunner" time="10.421">
    <system-out><![CDATA[  &amp#27;[32mâœ”&amp#27;[39m &amp#27;[32m&amp#27;[1mGiven &amp#27;[22mUser is on login page&amp#27;[39m                                &amp#27;[90m# stepDefinitions.HeaderSectionStepDef.user_is_on_login_page()&amp#27;[39m
  &amp#27;[32mâœ”&amp#27;[39m &amp#27;[32m&amp#27;[1mWhen &amp#27;[22mUser enters valid username and password and logged in&amp#27;[39m &amp#27;[90m# stepDefinitions.LoginStepDef.user_enters_valid_username_and_password_and_logged_in()&amp#27;[39m
  &amp#27;[32mâœ”&amp#27;[39m &amp#27;[32m&amp#27;[1mAnd &amp#27;[22mUser clicks the check your order link in the header&amp#27;[39m    &amp#27;[90m# stepDefinitions.HeaderSectionStepDef.user_clicks_the_check_your_order_link_in_the_header()&amp#27;[39m
  &amp#27;[32mâœ”&amp#27;[39m &amp#27;[32m&amp#27;[1mThen &amp#27;[22mUser search for the product category &amp#27;[1m"Men"&amp#27;[22m&amp#27;[39m            &amp#27;[90m# stepDefinitions.HeaderSectionStepDef.user_search_for_the_product_category(java.lang.String)&amp#27;[39m
]]></system-out>
  </testcase>
</testsuite>