<?xml version="1.0" encoding="UTF-8"?>
<testng-results ignored="0" total="3" passed="3" failed="0" skipped="0">
  <reporter-output>
  </reporter-output>
  <suite started-at="2026-04-13T00:02:22 IST" name="Suite" finished-at="2026-04-13T00:02:49 IST" duration-ms="26567">
    <groups>
      <group name="cucumber">
        <method signature="AbstractTestNGCucumberTests.runScenario(io.cucumber.testng.PickleWrapper,io.cucumber.testng.FeatureWrapper)[pri:0, instance:cucumberOptions.TestNGTestRunner@66982506]" name="runScenario" class="io.cucumber.testng.AbstractTestNGCucumberTests"/>
      </group> <!-- cucumber -->
    </groups>
    <test started-at="2026-04-13T00:02:22 IST" name="CucumberTests" finished-at="2026-04-13T00:02:49 IST" duration-ms="26567">
      <class name="cucumberOptions.TestNGTestRunner">
        <test-method is-config="true" signature="setUpClass(org.testng.ITestContext)[pri:0, instance:cucumberOptions.TestNGTestRunner@66982506]" started-at="2026-04-13T00:02:22 IST" name="setUpClass" finished-at="2026-04-13T00:02:23 IST" duration-ms="696" status="PASS">
          <params>
            <param index="0">
              <value>
                <![CDATA[org.testng.TestRunner@479cbee5]]>
              </value>
            </param>
          </params>
          <reporter-output>
          </reporter-output>
        </test-method> <!-- setUpClass -->
        <test-method signature="runScenario(io.cucumber.testng.PickleWrapper,io.cucumber.testng.FeatureWrapper)[pri:0, instance:cucumberOptions.TestNGTestRunner@66982506]" started-at="2026-04-13T00:02:23 IST" name="runScenario" description="Runs Cucumber Scenarios" data-provider="scenarios" finished-at="2026-04-13T00:02:38 IST" duration-ms="14515" status="PASS">
          <params>
            <param index="0">
              <value>
                <![CDATA["User login to the site using valid credentails"]]>
              </value>
            </param>
            <param index="1">
              <value>
                <![CDATA["User login to the site"]]>
              </value>
            </param>
          </params>
          <reporter-output>
          </reporter-output>
        </test-method> <!-- runScenario -->
        <test-method signature="runScenario(io.cucumber.testng.PickleWrapper,io.cucumber.testng.FeatureWrapper)[pri:0, instance:cucumberOptions.TestNGTestRunner@66982506]" started-at="2026-04-13T00:02:23 IST" name="runScenario" description="Runs Cucumber Scenarios" data-provider="scenarios" finished-at="2026-04-13T00:02:39 IST" duration-ms="16132" status="PASS">
          <params>
            <param index="0">
              <value>
                <![CDATA["User navigate to the order history page and validates the page heading"]]>
              </value>
            </param>
            <param index="1">
              <value>
                <![CDATA["User navigates to the order hsitory"]]>
              </value>
            </param>
          </params>
          <reporter-output>
          </reporter-output>
        </test-method> <!-- runScenario -->
        <test-method signature="runScenario(io.cucumber.testng.PickleWrapper,io.cucumber.testng.FeatureWrapper)[pri:0, instance:cucumberOptions.TestNGTestRunner@66982506]" started-at="2026-04-13T00:02:38 IST" name="runScenario" description="Runs Cucumber Scenarios" data-provider="scenarios" finished-at="2026-04-13T00:02:49 IST" duration-ms="10886" status="PASS">
          <params>
            <param index="0">
              <value>
                <![CDATA["User search the product"]]>
              </value>
            </param>
            <param index="1">
              <value>
                <![CDATA["User navigates to the order hsitory"]]>
              </value>
            </param>
          </params>
          <reporter-output>
          </reporter-output>
        </test-method> <!-- runScenario -->
        <test-method is-config="true" signature="tearDownClass()[pri:0, instance:cucumberOptions.TestNGTestRunner@66982506]" started-at="2026-04-13T00:02:49 IST" name="tearDownClass" finished-at="2026-04-13T00:02:49 IST" duration-ms="402" status="PASS">
          <reporter-output>
          </reporter-output>
        </test-method> <!-- tearDownClass -->
      </class> <!-- cucumberOptions.TestNGTestRunner -->
    </test> <!-- CucumberTests -->
  </suite> <!-- Suite -->
</testng-results>
