<?xml version="1.0" encoding="UTF-8"?>
<testng-results ignored="0" total="3" passed="2" failed="1" skipped="0">
  <reporter-output>
  </reporter-output>
  <suite started-at="2026-03-22T00:16:19 IST" name="Default suite" finished-at="2026-03-22T00:16:45 IST" duration-ms="25359">
    <groups>
      <group name="cucumber">
        <method signature="AbstractTestNGCucumberTests.runScenario(io.cucumber.testng.PickleWrapper,io.cucumber.testng.FeatureWrapper)[pri:0, instance:cucumberOptions.TestNGTestRunner@4201c465]" name="runScenario" class="io.cucumber.testng.AbstractTestNGCucumberTests"/>
      </group> <!-- cucumber -->
    </groups>
    <test started-at="2026-03-22T00:16:19 IST" name="Default test" finished-at="2026-03-22T00:16:45 IST" duration-ms="25359">
      <class name="cucumberOptions.TestNGTestRunner">
        <test-method is-config="true" signature="setUpClass(org.testng.ITestContext)[pri:0, instance:cucumberOptions.TestNGTestRunner@4201c465]" started-at="2026-03-22T00:16:19 IST" name="setUpClass" finished-at="2026-03-22T00:16:20 IST" duration-ms="741" status="PASS">
          <params>
            <param index="0">
              <value>
                <![CDATA[org.testng.TestRunner@746b18fd]]>
              </value>
            </param>
          </params>
          <reporter-output>
          </reporter-output>
        </test-method> <!-- setUpClass -->
        <test-method signature="runScenario(io.cucumber.testng.PickleWrapper,io.cucumber.testng.FeatureWrapper)[pri:0, instance:cucumberOptions.TestNGTestRunner@4201c465]" started-at="2026-03-22T00:16:20 IST" name="runScenario" description="Runs Cucumber Scenarios" data-provider="scenarios" finished-at="2026-03-22T00:16:42 IST" duration-ms="22491" status="PASS">
          <params>
            <param index="0">
              <value>
                <![CDATA["User navigate to the order history page and validates the page heading"]]>
              </value>
            </param>
            <param index="1">
              <value>
                <![CDATA["User navigates to the order hsitory"]]>
              </value>
            </param>
          </params>
          <reporter-output>
          </reporter-output>
        </test-method> <!-- runScenario -->
        <test-method signature="runScenario(io.cucumber.testng.PickleWrapper,io.cucumber.testng.FeatureWrapper)[pri:0, instance:cucumberOptions.TestNGTestRunner@4201c465]" started-at="2026-03-22T00:16:20 IST" name="runScenario" description="Runs Cucumber Scenarios" data-provider="scenarios" finished-at="2026-03-22T00:16:42 IST" duration-ms="21800" status="PASS">
          <params>
            <param index="0">
              <value>
                <![CDATA["User login to the site using valid credentails"]]>
              </value>
            </param>
            <param index="1">
              <value>
                <![CDATA["User login to the site"]]>
              </value>
            </param>
          </params>
          <reporter-output>
          </reporter-output>
        </test-method> <!-- runScenario -->
        <test-method signature="runScenario(io.cucumber.testng.PickleWrapper,io.cucumber.testng.FeatureWrapper)[pri:0, instance:cucumberOptions.TestNGTestRunner@4201c465]" started-at="2026-03-22T00:16:20 IST" name="runScenario" description="Runs Cucumber Scenarios" data-provider="scenarios" finished-at="2026-03-22T00:16:44 IST" duration-ms="23879" status="FAIL">
          <params>
            <param index="0">
              <value>
                <![CDATA["User search the product"]]>
              </value>
            </param>
            <param index="1">
              <value>
                <![CDATA["User navigates to the order hsitory"]]>
              </value>
            </param>
          </params>
          <exception class="java.lang.AssertionError">
            <message>
              <![CDATA[Given category not found in the searchbox expected [test] but found [Given category not found in the searchbox]]]>
            </message>
            <full-stacktrace>
              <![CDATA[java.lang.AssertionError: Given category not found in the searchbox expected [test] but found [Given category not found in the searchbox]
at org.testng.Assert.fail(Assert.java:111)
at org.testng.Assert.failNotEquals(Assert.java:1590)
at org.testng.Assert.assertEqualsImpl(Assert.java:150)
at org.testng.Assert.assertEquals(Assert.java:132)
at org.testng.Assert.assertEquals(Assert.java:656)
at stepDefinitions.HeaderSectionStepDef.user_search_for_the_product_category(HeaderSectionStepDef.java:44)
at ✽.User search for the product category "test"(file:///C:/Users/iamar/eclipse-workspace/AutomationTestStore/src/test/java/features/OrderHistory.feature:13)
]]>
            </full-stacktrace>
          </exception> <!-- java.lang.AssertionError -->
          <reporter-output>
          </reporter-output>
        </test-method> <!-- runScenario -->
        <test-method is-config="true" signature="tearDownClass()[pri:0, instance:cucumberOptions.TestNGTestRunner@4201c465]" started-at="2026-03-22T00:16:44 IST" name="tearDownClass" finished-at="2026-03-22T00:16:45 IST" duration-ms="667" status="PASS">
          <reporter-output>
          </reporter-output>
        </test-method> <!-- tearDownClass -->
      </class> <!-- cucumberOptions.TestNGTestRunner -->
    </test> <!-- Default test -->
  </suite> <!-- Default suite -->
</testng-results>
