<?xml version="1.0" encoding="UTF-8"?>
<!-- Generated by org.testng.reporters.JUnitReportReporter -->
<testsuite hostname="Arun" failures="0" tests="2" name="cucumberOptions.TestNGTestRunner" time="24.324" errors="0" timestamp="2026-03-21T02:06:46 IST" skipped="0">
  <testcase classname="cucumberOptions.TestNGTestRunner" name="runScenario" time="12.913"/>
  <testcase classname="cucumberOptions.TestNGTestRunner" name="runScenario" time="11.411"/>
</testsuite> <!-- cucumberOptions.TestNGTestRunner -->
