<?xml version="1.0" encoding="UTF-8"?>
<!-- Generated by org.testng.reporters.JUnitReportReporter -->
<testsuite hostname="Arun" failures="0" tests="5" name="cucumberOptions.TestNGTestRunner" time="161.011" errors="0" timestamp="2026-04-22T01:49:12 IST" skipped="0">
  <testcase classname="cucumberOptions.TestNGTestRunner" name="runScenario" time="33.028"/>
  <testcase classname="cucumberOptions.TestNGTestRunner" name="runScenario" time="31.499"/>
  <testcase classname="cucumberOptions.TestNGTestRunner" name="runScenario" time="31.494"/>
  <testcase classname="cucumberOptions.TestNGTestRunner" name="runScenario" time="31.512"/>
  <testcase classname="cucumberOptions.TestNGTestRunner" name="runScenario" time="33.478"/>
</testsuite> <!-- cucumberOptions.TestNGTestRunner -->
