<?xml version="1.0" encoding="UTF-8"?>
<!-- Generated by org.testng.reporters.JUnitReportReporter -->
<testsuite hostname="Arun" failures="0" tests="5" name="cucumberOptions.TestNGTestRunner" time="74.398" errors="0" timestamp="2026-04-26T02:05:19 IST" skipped="0">
  <testcase classname="cucumberOptions.TestNGTestRunner" name="runScenario" time="12.461"/>
  <testcase classname="cucumberOptions.TestNGTestRunner" name="runScenario" time="19.258"/>
  <testcase classname="cucumberOptions.TestNGTestRunner" name="runScenario" time="16.321"/>
  <testcase classname="cucumberOptions.TestNGTestRunner" name="runScenario" time="9.747"/>
  <testcase classname="cucumberOptions.TestNGTestRunner" name="runScenario" time="16.611"/>
</testsuite> <!-- cucumberOptions.TestNGTestRunner -->
